<?xml version="1.0" encoding="UTF-8" ?>
<testsuite errors="0" failures="0" hostname="WL-210-152.WPA.Claremont.Edu" name="com.flatironschool.javacs.WikiPhilosophyTest" skipped="0" tests="1" time="15.456" timestamp="2016-05-12T02:27:24">
  <properties>
[...]
</properties>
  <testcase classname="com.flatironschool.javacs.WikiPhilosophyTest" name="testMain" time="15.386" />
  <system-out><![CDATA[Fetching random Wikipedia page...
https://en.wikipedia.org/wiki/Dick_Day
https://en.wikipedia.org/wiki/Redistricting
https://en.wikipedia.org/wiki/Electoral_district
https://en.wikipedia.org/wiki/Election
https://en.wikipedia.org/wiki/Decision_making
https://en.wikipedia.org/wiki/Psychology
https://en.wikipedia.org/wiki/Behavior
https://en.wikipedia.org/wiki/Organism
https://en.wikipedia.org/wiki/Biology
https://en.wikipedia.org/wiki/Natural_science
https://en.wikipedia.org/wiki/Science
https://en.wikipedia.org/wiki/Knowledge
https://en.wikipedia.org/wiki/Awareness
https://en.wikipedia.org/wiki/Conscious
https://en.wikipedia.org/wiki/Quality_(philosophy)
https://en.wikipedia.org/wiki/Philosophy
]]></system-out>
  <system-err><![CDATA[]]></system-err>
</testsuite>
